Translate nucleic acid sequences
diamond v2.1.8.162 (C) Max Planck Society for the Advancement of Science, Benjamin Buchfink, University of Tuebingen
Documentation, support and updates available at http://www.diamondsearch.org
Please cite: http://dx.doi.org/10.1038/s41592-021-01101-x Nature Methods (2021)

#CPU threads: 40
Scoring parameters: (Matrix=BLOSUM62 Lambda=0.267 K=0.041 Penalties=11/1)
Database input file: /data/100000.pep
Opening the database file...  [0.009s]
Loading sequences...  [0.129s]
Masking sequences...  [0.12s]
Writing sequences...  [0.028s]
Hashing sequences...  [0.011s]
Loading sequences...  [0s]
Writing trailer...  [0s]
Closing the input file...  [0.009s]
Closing the database file...  [0.203s]

Database sequences  99993
  Database letters  20396826
     Database hash  82b663cc1633ef187de0f93199d98259
        Total time  0.514000s
diamond v2.1.8.162 (C) Max Planck Society for the Advancement of Science, Benjamin Buchfink, University of Tuebingen
Documentation, support and updates available at http://www.diamondsearch.org
Please cite: http://dx.doi.org/10.1038/s41592-021-01101-x Nature Methods (2021)

#CPU threads: 40
Scoring parameters: (Matrix=BLOSUM62 Lambda=0.267 K=0.041 Penalties=11/1)
Temporary directory: /data
#Target sequences to report alignments for: 25
Opening the database...  [0.061s]
Database: /data/100000.dmnd (type: Diamond database, sequences: 99993, letters: 20396826)
Block size = 2000000000
Opening the input file...  [0.001s]
Opening the output file...  [0.001s]
Loading query sequences...  [0s]
Masking queries...  [0.012s]
Algorithm: Double-indexed
Building query histograms...  [0.01s]
Seeking in database...  [0s]
Loading reference sequences...  [0.067s]
Masking reference...  [0.115s]
Initializing temporary storage...  [0.093s]
Building reference histograms...  [0.063s]
Allocating buffers...  [0s]
Processing query block 1, reference block 1/1, shape 1/2, index chunk 1/4.
Building reference seed array...  [0.039s]
Building query seed array...  [0.007s]
Computing hash join...  [0.005s]
Masking low complexity seeds...  [0.002s]
Searching alignments...  [0.049s]
Deallocating memory...  [0s]
Processing query block 1, reference block 1/1, shape 1/2, index chunk 2/4.
Building reference seed array...  [0.047s]
Building query seed array...  [0.01s]
Computing hash join...  [0.003s]
Masking low complexity seeds...  [0.002s]
Searching alignments...  [0.016s]
Deallocating memory...  [0s]
Processing query block 1, reference block 1/1, shape 1/2, index chunk 3/4.
Building reference seed array...  [0.04s]
Building query seed array...  [0.012s]
Computing hash join...  [0.002s]
Masking low complexity seeds...  [0.002s]
Searching alignments...  [0.011s]
Deallocating memory...  [0s]
Processing query block 1, reference block 1/1, shape 1/2, index chunk 4/4.
Building reference seed array...  [0.035s]
Building query seed array...  [0.008s]
Computing hash join...  [0.003s]
Masking low complexity seeds...  [0.003s]
Searching alignments...  [0.01s]
Deallocating memory...  [0s]
Processing query block 1, reference block 1/1, shape 2/2, index chunk 1/4.
Building reference seed array...  [0.037s]
Building query seed array...  [0.007s]
Computing hash join...  [0.003s]
Masking low complexity seeds...  [0.002s]
Searching alignments...  [0.016s]
Deallocating memory...  [0s]
Processing query block 1, reference block 1/1, shape 2/2, index chunk 2/4.
Building reference seed array...  [0.04s]
Building query seed array...  [0.012s]
Computing hash join...  [0.003s]
Masking low complexity seeds...  [0.002s]
Searching alignments...  [0.013s]
Deallocating memory...  [0s]
Processing query block 1, reference block 1/1, shape 2/2, index chunk 3/4.
Building reference seed array...  [0.04s]
Building query seed array...  [0.014s]
Computing hash join...  [0.004s]
Masking low complexity seeds...  [0.003s]
Searching alignments...  [0.012s]
Deallocating memory...  [0s]
Processing query block 1, reference block 1/1, shape 2/2, index chunk 4/4.
Building reference seed array...  [0.04s]
Building query seed array...  [0.01s]
Computing hash join...  [0.002s]
Masking low complexity seeds...  [0.002s]
Searching alignments...  [0.009s]
Deallocating memory...  [0s]
Deallocating buffers...  [0.01s]
Clearing query masking...  [0s]
Computing alignments... Loading trace points...  [0.034s]
Sorting trace points...  [0.009s]
Computing alignments...  [0.041s]
Deallocating buffers...  [0.001s]
Loading trace points...  [0s]
 [0.088s]
Deallocating reference...  [0.007s]
Loading reference sequences...  [0s]
Deallocating buffers...  [0s]
Deallocating queries...  [0s]
Loading query sequences...  [0s]
Closing the input file...  [0.001s]
Closing the output file...  [0.002s]
Closing the database...  [0.007s]
Cleaning up...  [0s]
Total time = 1.164s
Reported 25 pairwise alignments, 25 HSPs.
1 queries aligned.
